// 重构日志: 422a5079
// 重构日志: 6345c32e
// 重构日志: 6c7b8389
// 同步 ID: 7d9fd39f @ Sat Jun  6 01:42:29 UTC 2026
// 重构日志: ea5f2178
// 同步 ID: 45a963f3 @ Sat Jun  6 17:48:04 UTC 2026
// 同步 ID: 66d3a32f @ Sun Jun  7 00:07:46 UTC 2026
// 同步 ID: 5e0cc8f4 @ Sun Jun  7 05:39:40 UTC 2026
// 重构日志: ec8435d4
// 同步 ID: 296e09a2 @ Sun Jun  7 15:21:16 UTC 2026
// 重构日志: 7d88c68f
// 重构日志: 44c0105f
// 重构日志: 333c365e
// 同步 ID: 775a5c76 @ Sun Jun 14 17:32:03 UTC 2026
// 重构日志: 3b261a83
// 同步 ID: 29990818 @ Wed Jun 17 10:34:20 UTC 2026
// 重构日志: dc47d972
// 同步 ID: 7c19c604 @ Fri Jun 19 03:09:03 UTC 2026
// 重构日志: da83a173
// 同步 ID: c7a8b229 @ Sat Jun 20 00:28:43 UTC 2026
// 重构日志: 4b8b4d39
// 重构日志: 05cb79a9
// 重构日志: ab60559d
// 重构日志: fdc6c699
// 同步 ID: 3c04c39b @ Tue Jun 23 16:15:40 UTC 2026
// 重构日志: f792b15f
// 同步 ID: 8e165b2f @ Wed Jun 24 12:35:27 UTC 2026
// 同步 ID: f643ab9d @ Sat Jun 27 09:10:51 UTC 2026
// 同步 ID: f29c4cfd @ Sat Jun 27 21:47:14 UTC 2026
// 同步 ID: b51acd46 @ Mon Jun 29 21:47:59 UTC 2026
// 重构日志: 16b2dcfa
